<?xml version="1.0" encoding="utf-8"?><testsuites name="pytest tests"><testsuite name="pytest" errors="0" failures="0" skipped="0" tests="12" time="7.701" timestamp="2026-04-06T13:44:16.160279+00:00" hostname="agent-env-4638e617-d9f8-4e04-bb8f-a9fd6eeefd79"><testcase classname="tests.test_calibration_notifications.TestCalibrationClearAll" name="test_clear_all_calibration_endpoint_exists" time="2.617" /><testcase classname="tests.test_calibration_notifications.TestCalibrationClearAll" name="test_clear_all_returns_deleted_count" time="0.269" /><testcase classname="tests.test_calibration_notifications.TestCalibrationClearAll" name="test_calibration_stats_after_clear" time="0.504" /><testcase classname="tests.test_calibration_notifications.TestCalibrationLog" name="test_log_calibration_sample_correct" time="0.359" /><testcase classname="tests.test_calibration_notifications.TestCalibrationLog" name="test_log_calibration_sample_incorrect" time="0.249" /><testcase classname="tests.test_calibration_notifications.TestCalibrationDelete" name="test_delete_calibration_sample" time="0.501" /><testcase classname="tests.test_calibration_notifications.TestCalibrationDelete" name="test_delete_nonexistent_sample" time="0.252" /><testcase classname="tests.test_calibration_notifications.TestNotificationsGenerate" name="test_generate_notification_endpoint" time="0.243" /><testcase classname="tests.test_calibration_notifications.TestNotificationsGenerate" name="test_notification_has_references" time="0.550" /><testcase classname="tests.test_calibration_notifications.TestNotificationsGet" name="test_get_notifications_endpoint" time="0.263" /><testcase classname="tests.test_calibration_notifications.TestNotificationsRead" name="test_mark_notification_read" time="0.495" /><testcase classname="tests.test_calibration_notifications.TestCalibrationFullFlow" name="test_full_calibration_flow" time="1.311" /></testsuite></testsuites>