<?xml version="1.0" encoding="utf-8"?><testsuites name="pytest tests"><testsuite name="pytest" errors="0" failures="0" skipped="0" tests="13" time="22.608" timestamp="2026-03-27T11:36:02.881173+00:00" hostname="agent-env-8a88b25a-35d1-4cfc-8779-3fa3a4aea0f4"><testcase classname="tests.test_admin_dishes.TestAdminDishesFull" name="test_dishes_full_returns_ok" time="3.102" /><testcase classname="tests.test_admin_dishes.TestAdminDishesFull" name="test_dishes_full_returns_206_dishes" time="0.730" /><testcase classname="tests.test_admin_dishes.TestAdminDishesFull" name="test_all_dishes_have_images" time="0.730" /><testcase classname="tests.test_admin_dishes.TestAdminDishesFull" name="test_slugs_are_clean_format" time="0.711" /><testcase classname="tests.test_admin_dishes.TestAdminDishesFull" name="test_dishes_have_first_image" time="0.936" /><testcase classname="tests.test_admin_dishes.TestAdminDishImage" name="test_arroz_branco_image_valid" time="2.513" /><testcase classname="tests.test_admin_dishes.TestAdminDishImage" name="test_arroz_branco_specific_image" time="2.228" /><testcase classname="tests.test_admin_dishes.TestAdminDishImage" name="test_abobora_ao_curry_image_cloud" time="2.138" /><testcase classname="tests.test_admin_dishes.TestAdminDishImage" name="test_frango_ao_creme_de_limao_image" time="2.343" /><testcase classname="tests.test_admin_dishes.TestAdminDishImage" name="test_nonexistent_dish_returns_404" time="4.228" /><testcase classname="tests.test_admin_dishes.TestAdminSearch" name="test_search_arroz_returns_multiple" time="1.445" /><testcase classname="tests.test_admin_dishes.TestDataIntegrity" name="test_dish_structure_complete" time="0.711" /><testcase classname="tests.test_admin_dishes.TestDataIntegrity" name="test_image_count_matches_all_images" time="0.723" /></testsuite></testsuites>