<?xml version="1.0" encoding="utf-8"?><testsuites name="pytest tests"><testsuite name="pytest" errors="0" failures="0" skipped="0" tests="12" time="9.270" timestamp="2026-03-31T10:46:56.289374+00:00" hostname="agent-env-d12711e6-c024-48e1-b3d2-27328f20c303"><testcase classname="tests.test_admin_r2_migration.TestAdminDishesAPI" name="test_get_dishes_list" time="3.186" /><testcase classname="tests.test_admin_r2_migration.TestAdminDishesAPI" name="test_get_dishes_full" time="0.724" /><testcase classname="tests.test_admin_r2_migration.TestDishImagesAPI" name="test_get_dish_images_list" time="0.247" /><testcase classname="tests.test_admin_r2_migration.TestDishImagesAPI" name="test_get_dish_thumbnail" time="0.103" /><testcase classname="tests.test_admin_r2_migration.TestDishImagesAPI" name="test_get_dish_full_image" time="0.123" /><testcase classname="tests.test_admin_r2_migration.TestDishImagesAPI" name="test_get_nonexistent_dish_image" time="2.485" /><testcase classname="tests.test_admin_r2_migration.TestAIStatusAPI" name="test_ai_status" time="0.115" /><testcase classname="tests.test_admin_r2_migration.TestHealthAPI" name="test_health_root" time="0.103" /><testcase classname="tests.test_admin_r2_migration.TestHealthAPI" name="test_api_health" time="0.092" /><testcase classname="tests.test_admin_r2_migration.TestSearchAndFilter" name="test_dishes_contain_expected_fields" time="1.049" /><testcase classname="tests.test_admin_r2_migration.TestSearchAndFilter" name="test_multiple_dishes_have_images" time="0.716" /><testcase classname="tests.test_admin_r2_migration.TestR2ThumbnailCompression" name="test_thumbnail_vs_full_size" time="0.265" /></testsuite></testsuites>