<?xml version="1.0" encoding="utf-8"?><testsuites name="pytest tests"><testsuite name="pytest" errors="0" failures="0" skipped="0" tests="7" time="4.822" timestamp="2026-04-02T19:29:34.554985+00:00" hostname="agent-env-b3e95464-1cfc-42b6-9f55-8e51dd765673"><testcase classname="tests.test_clip_calibration.TestCalibrationEndpoint" name="test_calibration_returns_ok" time="0.297" /><testcase classname="tests.test_clip_calibration.TestCalibrationEndpoint" name="test_calibration_has_stats" time="0.257" /><testcase classname="tests.test_clip_calibration.TestCalibrationEndpoint" name="test_calibration_has_distribution" time="0.274" /><testcase classname="tests.test_clip_calibration.TestCalibrationEndpoint" name="test_calibration_has_current_thresholds" time="0.247" /><testcase classname="tests.test_clip_calibration.TestFeedbackEndpoint" name="test_feedback_accepts_score_confidence_source" time="3.486" /><testcase classname="tests.test_clip_calibration.TestAIStatus" name="test_ai_status_ready" time="0.112" /><testcase classname="tests.test_clip_calibration.TestHealthCheck" name="test_health_endpoint" time="0.096" /></testsuite></testsuites>