<?xml version="1.0" encoding="utf-8"?><testsuites name="pytest tests"><testsuite name="pytest" errors="0" failures="0" skipped="0" tests="16" time="15.298" timestamp="2026-03-23T13:00:22.195787+00:00" hostname="agent-env-ada62840-525f-466c-8dfa-901d55a31711"><testcase classname="tests.test_moderation.TestModerationQueue" name="test_api_health" time="1.100" /><testcase classname="tests.test_moderation.TestModerationQueue" name="test_create_moderation_item" time="1.717" /><testcase classname="tests.test_moderation.TestModerationQueue" name="test_get_moderation_queue_pending" time="0.392" /><testcase classname="tests.test_moderation.TestModerationQueue" name="test_get_moderation_queue_all" time="0.397" /><testcase classname="tests.test_moderation.TestModerationQueue" name="test_get_moderation_queue_approved" time="0.400" /><testcase classname="tests.test_moderation.TestModerationQueue" name="test_get_moderation_queue_rejected" time="0.413" /><testcase classname="tests.test_moderation.TestModerationQueue" name="test_get_moderation_queue_corrected" time="0.401" /><testcase classname="tests.test_moderation.TestModerationQueue" name="test_moderation_item_structure" time="0.398" /><testcase classname="tests.test_moderation.TestModerationQueue" name="test_get_moderation_image" time="0.769" /><testcase classname="tests.test_moderation.TestModerationActions" name="test_approve_moderation_item" time="2.746" /><testcase classname="tests.test_moderation.TestModerationActions" name="test_reject_moderation_item" time="1.175" /><testcase classname="tests.test_moderation.TestModerationActions" name="test_correct_moderation_item" time="2.680" /><testcase classname="tests.test_moderation.TestModerationActions" name="test_correct_without_name_fails" time="0.543" /><testcase classname="tests.test_moderation.TestModerationActions" name="test_action_on_invalid_id" time="0.451" /><testcase classname="tests.test_moderation.TestExistingModerationData" name="test_existing_pending_items" time="0.400" /><testcase classname="tests.test_moderation.TestExistingModerationData" name="test_existing_resolved_items" time="1.231" /></testsuite></testsuites>