<?xml version="1.0" encoding="utf-8"?><testsuites name="pytest tests"><testsuite name="pytest" errors="0" failures="0" skipped="0" tests="11" time="22.871" timestamp="2026-03-23T11:26:10.615869+00:00" hostname="agent-env-74f88f48-f1cd-4689-8ed3-ac65bfd23b19"><testcase classname="tests.test_news_achievements.TestNewsFeed" name="test_news_feed_returns_items" time="4.800" /><testcase classname="tests.test_news_achievements.TestNewsFeed" name="test_news_categories_returns_6_categories" time="0.127" /><testcase classname="tests.test_news_achievements.TestNewsFeed" name="test_news_feed_filter_by_category" time="4.034" /><testcase classname="tests.test_news_achievements.TestNewsFeed" name="test_news_like_increments" time="5.512" /><testcase classname="tests.test_news_achievements.TestNewsFeed" name="test_news_feed_stats" time="4.030" /><testcase classname="tests.test_news_achievements.TestPremiumAchievements" name="test_achievements_with_valid_pin" time="1.640" /><testcase classname="tests.test_news_achievements.TestPremiumAchievements" name="test_achievements_with_invalid_pin" time="0.277" /><testcase classname="tests.test_news_achievements.TestPremiumAchievements" name="test_achievements_badges_structure" time="0.387" /><testcase classname="tests.test_news_achievements.TestWeeklyReport" name="test_weekly_report_with_valid_pin" time="1.788" /><testcase classname="tests.test_news_achievements.TestHealthAndStatus" name="test_api_health" time="0.097" /><testcase classname="tests.test_news_achievements.TestHealthAndStatus" name="test_ai_status" time="0.099" /></testsuite></testsuites>