<?xml version="1.0" encoding="utf-8"?><testsuites name="pytest tests"><testsuite name="pytest" errors="0" failures="0" skipped="0" tests="16" time="7.456" timestamp="2026-03-24T11:27:40.318686+00:00" hostname="agent-env-ada62840-525f-466c-8dfa-901d55a31711"><testcase classname="tests.test_new_features.TestHealthCheck" name="test_api_health" time="0.209" /><testcase classname="tests.test_new_features.TestNotificationSystem" name="test_generate_notification" time="1.784" /><testcase classname="tests.test_new_features.TestNotificationSystem" name="test_max_one_notification_per_day" time="0.785" /><testcase classname="tests.test_new_features.TestNotificationSystem" name="test_get_user_notifications" time="0.831" /><testcase classname="tests.test_new_features.TestNotificationSystem" name="test_notification_has_references" time="0.568" /><testcase classname="tests.test_new_features.TestNotificationSystem" name="test_mark_notification_read" time="1.021" /><testcase classname="tests.test_new_features.TestAdminEndpoints" name="test_admin_settings_get" time="0.268" /><testcase classname="tests.test_new_features.TestAdminEndpoints" name="test_admin_premium_users" time="0.240" /><testcase classname="tests.test_new_features.TestAdminEndpoints" name="test_admin_api_usage" time="0.246" /><testcase classname="tests.test_new_features.TestAdminEndpoints" name="test_admin_processing_metrics" time="0.243" /><testcase classname="tests.test_new_features.TestSafeNutritionUpdate" name="test_nutrition_preview_empty" time="0.101" /><testcase classname="tests.test_new_features.TestSafeNutritionUpdate" name="test_nutrition_preview_with_slugs" time="0.101" /><testcase classname="tests.test_new_features.TestSafeNutritionUpdate" name="test_nutrition_audit_log" time="0.237" /><testcase classname="tests.test_new_features.TestSafeNutritionUpdate" name="test_nutrition_update_single_invalid_slug" time="0.095" /><testcase classname="tests.test_new_features.TestSafeNutritionUpdate" name="test_nutrition_rollback_invalid_slug" time="0.255" /><testcase classname="tests.test_new_features.TestModerationQuickVerify" name="test_moderation_queue_accessible" time="0.389" /></testsuite></testsuites>