<?xml version="1.0" encoding="utf-8"?><testsuites name="pytest tests"><testsuite name="pytest" errors="0" failures="0" skipped="0" tests="11" time="9.090" timestamp="2026-04-06T15:32:28.631795+00:00" hostname="agent-env-4638e617-d9f8-4e04-bb8f-a9fd6eeefd79"><testcase classname="tests.test_iteration_11.TestUploadFotosAPI" name="test_upload_status_returns_dishes" time="1.709" /><testcase classname="tests.test_iteration_11.TestUploadFotosAPI" name="test_dish_names_are_title_case" time="1.695" /><testcase classname="tests.test_iteration_11.TestUploadFotosAPI" name="test_total_dishes_count" time="1.727" /><testcase classname="tests.test_iteration_11.TestCalibrationAPI" name="test_calibration_clear_all_endpoint_exists" time="1.556" /><testcase classname="tests.test_iteration_11.TestCalibrationAPI" name="test_calibration_stats_after_clear" time="0.553" /><testcase classname="tests.test_iteration_11.TestCalibrationAPI" name="test_calibration_log_sample" time="0.526" /><testcase classname="tests.test_iteration_11.TestNotificationsAPI" name="test_get_notifications_for_premium_user" time="0.266" /><testcase classname="tests.test_iteration_11.TestNotificationsAPI" name="test_notifications_have_references" time="0.248" /><testcase classname="tests.test_iteration_11.TestPremiumLogin" name="test_premium_login_with_valid_credentials" time="0.390" /><testcase classname="tests.test_iteration_11.TestPremiumLogin" name="test_premium_login_with_invalid_credentials" time="0.253" /><testcase classname="tests.test_iteration_11.TestAIStatus" name="test_ai_status" time="0.106" /></testsuite></testsuites>