<?xml version="1.0" encoding="utf-8"?><testsuites name="pytest tests"><testsuite name="pytest" errors="0" failures="3" skipped="0" tests="14" time="20.285" timestamp="2026-03-27T14:18:26.543270+00:00" hostname="agent-env-e71e1191-9744-4575-8a60-ef82a2ee3864"><testcase classname="backend.tests.test_admin_features.TestAdminDishesEndpoint" name="test_dishes_full_returns_206_dishes" time="2.640" /><testcase classname="backend.tests.test_admin_features.TestAdminDishesEndpoint" name="test_dishes_have_ingredientes_field" time="0.739" /><testcase classname="backend.tests.test_admin_features.TestAdminDishesEndpoint" name="test_dish_structure_complete" time="0.769" /><testcase classname="backend.tests.test_admin_features.TestThumbnailEndpoint" name="test_thumbnail_returns_compressed_image" time="0.451" /><testcase classname="backend.tests.test_admin_features.TestThumbnailEndpoint" name="test_thumbnail_is_valid_jpeg" time="0.147" /><testcase classname="backend.tests.test_admin_features.TestThumbnailEndpoint" name="test_specific_image_with_thumbnail" time="1.731" /><testcase classname="backend.tests.test_admin_features.TestMoveImageEndpoint" name="test_move_image_validates_target_exists" time="0.320" /><testcase classname="backend.tests.test_admin_features.TestMoveImageEndpoint" name="test_move_image_requires_all_fields" time="0.109" /><testcase classname="backend.tests.test_admin_features.TestMoveImageEndpoint" name="test_move_image_validates_source_image_exists" time="7.258"><failure message="assert 200 == 404&#10; +  where 200 = &lt;Response [200]&gt;.status_code">backend/tests/test_admin_features.py:137: in test_move_image_validates_source_image_exists
    assert response.status_code == 404
E   assert 200 == 404
E    +  where 200 = &lt;Response [200]&gt;.status_code</failure></testcase><testcase classname="backend.tests.test_admin_features.TestDishImagesListEndpoint" name="test_dish_images_list_returns_images" time="0.263"><failure message="AssertionError: assert 25 == 24&#10; +  where 25 = len(['arrozbranco026.jpeg', 'arrozbranco028.jpeg', 'arrozbranco029.jpeg', 'arrozbranco030.jpeg', 'arrozbranco032.jpeg', 'arrozbranco033.jpeg', ...])">backend/tests/test_admin_features.py:158: in test_dish_images_list_returns_images
    assert len(data["images"]) == data["count"]
E   AssertionError: assert 25 == 24
E    +  where 25 = len(['arrozbranco026.jpeg', 'arrozbranco028.jpeg', 'arrozbranco029.jpeg', 'arrozbranco030.jpeg', 'arrozbranco032.jpeg', 'arrozbranco033.jpeg', ...])</failure></testcase><testcase classname="backend.tests.test_admin_features.TestPutDishEndpoint" name="test_put_dish_updates_data" time="2.519" /><testcase classname="backend.tests.test_admin_features.TestDeleteImageEndpoint" name="test_delete_nonexistent_image_returns_404" time="2.910"><failure message="assert 200 in [404, 500]&#10; +  where 200 = &lt;Response [200]&gt;.status_code">backend/tests/test_admin_features.py:211: in test_delete_nonexistent_image_returns_404
    assert response.status_code in [404, 500]
E   assert 200 in [404, 500]
E    +  where 200 = &lt;Response [200]&gt;.status_code</failure></testcase><testcase classname="backend.tests.test_admin_features.TestCloudAndLocalImages" name="test_cloud_storage_image" time="0.159" /><testcase classname="backend.tests.test_admin_features.TestCloudAndLocalImages" name="test_local_fallback_image" time="0.129" /></testsuite></testsuites>