<?xml version="1.0" encoding="utf-8"?><testsuites name="pytest tests"><testsuite name="pytest" errors="0" failures="0" skipped="0" tests="10" time="3.754" timestamp="2026-04-03T11:20:29.686239+00:00" hostname="agent-env-b3e95464-1cfc-42b6-9f55-8e51dd765673"><testcase classname="tests.test_calibration_fixes.TestCalibrationLogEndpoint" name="test_log_correct_sample" time="0.276" /><testcase classname="tests.test_calibration_fixes.TestCalibrationLogEndpoint" name="test_log_incorrect_sample" time="0.260" /><testcase classname="tests.test_calibration_fixes.TestCalibrationLogEndpoint" name="test_log_sample_invalid_score" time="0.112" /><testcase classname="tests.test_calibration_fixes.TestCalibrationGetEndpoint" name="test_get_calibration_returns_samples_with_id" time="0.240" /><testcase classname="tests.test_calibration_fixes.TestCalibrationGetEndpoint" name="test_thresholds_are_correct" time="0.243" /><testcase classname="tests.test_calibration_fixes.TestCalibrationDeleteEndpoint" name="test_delete_sample_by_id" time="0.509" /><testcase classname="tests.test_calibration_fixes.TestCalibrationDeleteEndpoint" name="test_delete_nonexistent_sample" time="0.242" /><testcase classname="tests.test_calibration_fixes.TestCalibrationDeleteEndpoint" name="test_delete_invalid_id_format" time="0.091" /><testcase classname="tests.test_calibration_fixes.TestCalibrationIntegration" name="test_full_calibration_flow" time="0.979" /><testcase classname="tests.test_calibration_fixes.TestCleanup" name="test_cleanup_test_samples" time="0.748" /></testsuite></testsuites>