<?xml version="1.0" encoding="utf-8"?><testsuites name="pytest tests"><testsuite name="pytest" errors="0" failures="1" skipped="0" tests="23" time="3.027" timestamp="2026-01-30T13:08:50.013019+00:00" hostname="agent-env-f723e211-3bcd-487a-9aa7-3fea83276bf6"><testcase classname="backend.tests.test_premium_features.TestRadarEndpoints" name="test_radar_salmao_cativeiro_info" time="0.062" /><testcase classname="backend.tests.test_premium_features.TestRadarEndpoints" name="test_radar_carne_bovina_ferro_heme" time="0.034" /><testcase classname="backend.tests.test_premium_features.TestRadarEndpoints" name="test_radar_returns_voce_sabia" time="0.035" /><testcase classname="backend.tests.test_premium_features.TestRadarEndpoints" name="test_radar_returns_combinacoes" time="0.037" /><testcase classname="backend.tests.test_premium_features.TestPremiumProfileEndpoints" name="test_get_profile_endpoint_exists" time="0.038" /><testcase classname="backend.tests.test_premium_features.TestPremiumProfileEndpoints" name="test_update_profile_endpoint_exists" time="0.076" /><testcase classname="backend.tests.test_premium_features.TestPremiumProfileEndpoints" name="test_update_profile_recalculates_meta" time="0.079" /><testcase classname="backend.tests.test_premium_features.TestPremiumLogin" name="test_login_endpoint" time="0.034" /><testcase classname="backend.tests.test_premium_features.TestDishIdentification" name="test_identify_returns_dish_info" time="0.042" /><testcase classname="backend.tests.test_soulnutri_api.TestHealthAndStatus" name="test_api_status" time="0.040" /><testcase classname="backend.tests.test_soulnutri_api.TestHealthAndStatus" name="test_api_dishes_list" time="0.059" /><testcase classname="backend.tests.test_soulnutri_api.TestImageIdentification" name="test_identify_single_dish" time="0.037" /><testcase classname="backend.tests.test_soulnutri_api.TestImageIdentification" name="test_identify_returns_category" time="0.039" /><testcase classname="backend.tests.test_soulnutri_api.TestImageIdentification" name="test_identify_returns_allergens" time="0.045" /><testcase classname="backend.tests.test_soulnutri_api.TestImageIdentification" name="test_identify_returns_ingredients" time="0.045" /><testcase classname="backend.tests.test_soulnutri_api.TestImageIdentification" name="test_identify_returns_benefits" time="0.039" /><testcase classname="backend.tests.test_soulnutri_api.TestImageIdentification" name="test_identify_empty_file_error" time="0.036" /><testcase classname="backend.tests.test_soulnutri_api.TestMultiItemIdentification" name="test_identify_multi_endpoint_exists" time="1.952" /><testcase classname="backend.tests.test_soulnutri_api.TestInternationalization" name="test_get_languages" time="0.045" /><testcase classname="backend.tests.test_soulnutri_api.TestInternationalization" name="test_get_ui_translations_pt" time="0.058" /><testcase classname="backend.tests.test_soulnutri_api.TestInternationalization" name="test_get_ui_translations_en" time="0.032" /><testcase classname="backend.tests.test_soulnutri_api.TestFeedbackEndpoint" name="test_feedback_stats" time="0.046" /><testcase classname="backend.tests.test_soulnutri_api.TestCombinationsEndpoint" name="test_get_combinations" time="0.036"><failure message="assert 404 == 200&#10; +  where 404 = &lt;Response [404]&gt;.status_code">backend/tests/test_soulnutri_api.py:225: in test_get_combinations
    assert response.status_code == 200
E   assert 404 == 200
E    +  where 404 = &lt;Response [404]&gt;.status_code</failure></testcase></testsuite></testsuites>