<?xml version="1.0" encoding="utf-8"?><testsuites name="pytest tests"><testsuite name="pytest" errors="0" failures="0" skipped="0" tests="8" time="16.279" timestamp="2026-03-22T13:11:19.186297+00:00" hostname="agent-env-74f88f48-f1cd-4689-8ed3-ac65bfd23b19"><testcase classname="tests.test_soulnutri_api.TestHealthEndpoints" name="test_api_health" time="1.957" /><testcase classname="tests.test_soulnutri_api.TestAIStatus" name="test_ai_status_ready" time="0.403" /><testcase classname="tests.test_soulnutri_api.TestAIIdentify" name="test_identify_with_image" time="2.503" /><testcase classname="tests.test_soulnutri_api.TestAdminDishes" name="test_admin_dishes_list" time="2.009" /><testcase classname="tests.test_soulnutri_api.TestAdminDishes" name="test_admin_dishes_full" time="0.904" /><testcase classname="tests.test_soulnutri_api.TestAdminDishImage" name="test_dish_image_known_dish" time="5.745" /><testcase classname="tests.test_soulnutri_api.TestUploadStatus" name="test_upload_status" time="1.658" /><testcase classname="tests.test_soulnutri_api.TestNoDuplicates" name="test_no_duplicate_slugs" time="1.036" /></testsuite></testsuites>